{"name":"guestRegisterTest","status":"broken","statusDetails":{"known":false,"muted":false,"flaky":false,"message":"Element <input id=\"cl_login\" class=\"c24-uli-input style-scope unified-login\" name=\"username\" type=\"email\"> is not reachable by keyboard\nBuild info: version: '3.141.59', revision: 'e82be7d358', time: '2018-11-14T08:17:03'\nSystem info: host: 'MacBook-Air-Konstantin.local', ip: 'fe80:0:0:0:cb9:686:f02:75a8%en0', os.name: 'Mac OS X', os.arch: 'x86_64', os.version: '11.1', java.version: '11.0.11'\nDriver info: org.openqa.selenium.firefox.FirefoxDriver\nCapabilities {acceptInsecureCerts: true, browserName: firefox, browserVersion: 96.0.2, javascriptEnabled: true, moz:accessibilityChecks: false, moz:buildID: 20220119190439, moz:geckodriverVersion: 0.30.0, moz:headless: false, moz:processID: 60622, moz:profile: /var/folders/58/r3d7qv_j6vx..., moz:shutdownTimeout: 60000, moz:useNonSpecCompliantPointerOrigin: false, moz:webdriverClick: true, pageLoadStrategy: normal, platform: MAC, platformName: MAC, platformVersion: 21.2.0, proxy: Proxy(), setWindowRect: true, strictFileInteractability: false, timeouts: {implicit: 0, pageLoad: 300000, script: 30000}, unhandledPromptBehavior: dismiss and notify}\nSession ID: 1d5e8a3a-e350-4ec0-b608-ac141967487c","trace":"org.openqa.selenium.ElementNotInteractableException: Element <input id=\"cl_login\" class=\"c24-uli-input style-scope unified-login\" name=\"username\" type=\"email\"> is not reachable by keyboard\nBuild info: version: '3.141.59', revision: 'e82be7d358', time: '2018-11-14T08:17:03'\nSystem info: host: 'MacBook-Air-Konstantin.local', ip: 'fe80:0:0:0:cb9:686:f02:75a8%en0', os.name: 'Mac OS X', os.arch: 'x86_64', os.version: '11.1', java.version: '11.0.11'\nDriver info: org.openqa.selenium.firefox.FirefoxDriver\nCapabilities {acceptInsecureCerts: true, browserName: firefox, browserVersion: 96.0.2, javascriptEnabled: true, moz:accessibilityChecks: false, moz:buildID: 20220119190439, moz:geckodriverVersion: 0.30.0, moz:headless: false, moz:processID: 60622, moz:profile: /var/folders/58/r3d7qv_j6vx..., moz:shutdownTimeout: 60000, moz:useNonSpecCompliantPointerOrigin: false, moz:webdriverClick: true, pageLoadStrategy: normal, platform: MAC, platformName: MAC, platformVersion: 21.2.0, proxy: Proxy(), setWindowRect: true, strictFileInteractability: false, timeouts: {implicit: 0, pageLoad: 300000, script: 30000}, unhandledPromptBehavior: dismiss and notify}\nSession ID: 1d5e8a3a-e350-4ec0-b608-ac141967487c\n\tat java.base/jdk.internal.reflect.NativeConstructorAccessorImpl.newInstance0(Native Method)\n\tat java.base/jdk.internal.reflect.NativeConstructorAccessorImpl.newInstance(NativeConstructorAccessorImpl.java:62)\n\tat java.base/jdk.internal.reflect.DelegatingConstructorAccessorImpl.newInstance(DelegatingConstructorAccessorImpl.java:45)\n\tat java.base/java.lang.reflect.Constructor.newInstance(Constructor.java:490)\n\tat org.openqa.selenium.remote.http.W3CHttpResponseCodec.createException(W3CHttpResponseCodec.java:187)\n\tat org.openqa.selenium.remote.http.W3CHttpResponseCodec.decode(W3CHttpResponseCodec.java:122)\n\tat org.openqa.selenium.remote.http.W3CHttpResponseCodec.decode(W3CHttpResponseCodec.java:49)\n\tat org.openqa.selenium.remote.HttpCommandExecutor.execute(HttpCommandExecutor.java:158)\n\tat org.openqa.selenium.remote.service.DriverCommandExecutor.execute(DriverCommandExecutor.java:83)\n\tat org.openqa.selenium.remote.RemoteWebDriver.execute(RemoteWebDriver.java:552)\n\tat org.openqa.selenium.remote.RemoteWebElement.execute(RemoteWebElement.java:285)\n\tat org.openqa.selenium.remote.RemoteWebElement.sendKeys(RemoteWebElement.java:106)\n\tat Pages.RegisterPage.inputEmail(RegisterPage.java:40)\n\tat CreditCardPageTest.guestRegisterTest(CreditCardPageTest.java:23)\n\tat java.base/jdk.internal.reflect.NativeMethodAccessorImpl.invoke0(Native Method)\n\tat java.base/jdk.internal.reflect.NativeMethodAccessorImpl.invoke(NativeMethodAccessorImpl.java:62)\n\tat java.base/jdk.internal.reflect.DelegatingMethodAccessorImpl.invoke(DelegatingMethodAccessorImpl.java:43)\n\tat java.base/java.lang.reflect.Method.invoke(Method.java:566)\n\tat org.testng.internal.MethodInvocationHelper.invokeMethod(MethodInvocationHelper.java:132)\n\tat org.testng.internal.TestInvoker.invokeMethod(TestInvoker.java:599)\n\tat org.testng.internal.TestInvoker.invokeTestMethod(TestInvoker.java:174)\n\tat org.testng.internal.MethodRunner.runInSequence(MethodRunner.java:46)\n\tat org.testng.internal.TestInvoker$MethodInvocationAgent.invoke(TestInvoker.java:822)\n\tat org.testng.internal.TestInvoker.invokeTestMethods(TestInvoker.java:147)\n\tat org.testng.internal.TestMethodWorker.invokeTestMethods(TestMethodWorker.java:146)\n\tat org.testng.internal.TestMethodWorker.run(TestMethodWorker.java:128)\n\tat java.base/java.util.ArrayList.forEach(ArrayList.java:1541)\n\tat org.testng.TestRunner.privateRun(TestRunner.java:764)\n\tat org.testng.TestRunner.run(TestRunner.java:585)\n\tat org.testng.SuiteRunner.runTest(SuiteRunner.java:384)\n\tat org.testng.SuiteRunner.runSequentially(SuiteRunner.java:378)\n\tat org.testng.SuiteRunner.privateRun(SuiteRunner.java:337)\n\tat org.testng.SuiteRunner.run(SuiteRunner.java:286)\n\tat org.testng.SuiteRunnerWorker.runSuite(SuiteRunnerWorker.java:53)\n\tat org.testng.SuiteRunnerWorker.run(SuiteRunnerWorker.java:96)\n\tat org.testng.TestNG.runSuitesSequentially(TestNG.java:1218)\n\tat org.testng.TestNG.runSuitesLocally(TestNG.java:1140)\n\tat org.testng.TestNG.runSuites(TestNG.java:1069)\n\tat org.testng.TestNG.run(TestNG.java:1037)\n\tat com.intellij.rt.testng.IDEARemoteTestNG.run(IDEARemoteTestNG.java:66)\n\tat com.intellij.rt.testng.RemoteTestNGStarter.main(RemoteTestNGStarter.java:109)\n"},"stage":"finished","steps":[{"name":"Accept cookie popup","status":"passed","stage":"finished","steps":[],"attachments":[],"parameters":[],"start":1642869971409,"stop":1642869971754},{"name":"Find first product in list","status":"passed","stage":"finished","steps":[],"attachments":[],"parameters":[],"start":1642869971755,"stop":1642869971774},{"name":"Find first product in list by ID","status":"passed","stage":"finished","steps":[],"attachments":[],"parameters":[{"name":"id","value":"501020"}],"start":1642869971779,"stop":1642869972389},{"name":"Input email","status":"broken","statusDetails":{"known":false,"muted":false,"flaky":false,"message":"Element <input id=\"cl_login\" class=\"c24-uli-input style-scope unified-login\" name=\"username\" type=\"email\"> is not reachable by keyboard\nBuild info: version: '3.141.59', revision: 'e82be7d358', time: '2018-11-14T08:17:03'\nSystem info: host: 'MacBook-Air-Konstantin.local', ip: 'fe80:0:0:0:cb9:686:f02:75a8%en0', os.name: 'Mac OS X', os.arch: 'x86_64', os.version: '11.1', java.version: '11.0.11'\nDriver info: org.openqa.selenium.firefox.FirefoxDriver\nCapabilities {acceptInsecureCerts: true, browserName: firefox, browserVersion: 96.0.2, javascriptEnabled: true, moz:accessibilityChecks: false, moz:buildID: 20220119190439, moz:geckodriverVersion: 0.30.0, moz:headless: false, moz:processID: 60622, moz:profile: /var/folders/58/r3d7qv_j6vx..., moz:shutdownTimeout: 60000, moz:useNonSpecCompliantPointerOrigin: false, moz:webdriverClick: true, pageLoadStrategy: normal, platform: MAC, platformName: MAC, platformVersion: 21.2.0, proxy: Proxy(), setWindowRect: true, strictFileInteractability: false, timeouts: {implicit: 0, pageLoad: 300000, script: 30000}, unhandledPromptBehavior: dismiss and notify}\nSession ID: 1d5e8a3a-e350-4ec0-b608-ac141967487c","trace":"org.openqa.selenium.ElementNotInteractableException: Element <input id=\"cl_login\" class=\"c24-uli-input style-scope unified-login\" name=\"username\" type=\"email\"> is not reachable by keyboard\nBuild info: version: '3.141.59', revision: 'e82be7d358', time: '2018-11-14T08:17:03'\nSystem info: host: 'MacBook-Air-Konstantin.local', ip: 'fe80:0:0:0:cb9:686:f02:75a8%en0', os.name: 'Mac OS X', os.arch: 'x86_64', os.version: '11.1', java.version: '11.0.11'\nDriver info: org.openqa.selenium.firefox.FirefoxDriver\nCapabilities {acceptInsecureCerts: true, browserName: firefox, browserVersion: 96.0.2, javascriptEnabled: true, moz:accessibilityChecks: false, moz:buildID: 20220119190439, moz:geckodriverVersion: 0.30.0, moz:headless: false, moz:processID: 60622, moz:profile: /var/folders/58/r3d7qv_j6vx..., moz:shutdownTimeout: 60000, moz:useNonSpecCompliantPointerOrigin: false, moz:webdriverClick: true, pageLoadStrategy: normal, platform: MAC, platformName: MAC, platformVersion: 21.2.0, proxy: Proxy(), setWindowRect: true, strictFileInteractability: false, timeouts: {implicit: 0, pageLoad: 300000, script: 30000}, unhandledPromptBehavior: dismiss and notify}\nSession ID: 1d5e8a3a-e350-4ec0-b608-ac141967487c\n\tat java.base/jdk.internal.reflect.NativeConstructorAccessorImpl.newInstance0(Native Method)\n\tat java.base/jdk.internal.reflect.NativeConstructorAccessorImpl.newInstance(NativeConstructorAccessorImpl.java:62)\n\tat java.base/jdk.internal.reflect.DelegatingConstructorAccessorImpl.newInstance(DelegatingConstructorAccessorImpl.java:45)\n\tat java.base/java.lang.reflect.Constructor.newInstance(Constructor.java:490)\n\tat org.openqa.selenium.remote.http.W3CHttpResponseCodec.createException(W3CHttpResponseCodec.java:187)\n\tat org.openqa.selenium.remote.http.W3CHttpResponseCodec.decode(W3CHttpResponseCodec.java:122)\n\tat org.openqa.selenium.remote.http.W3CHttpResponseCodec.decode(W3CHttpResponseCodec.java:49)\n\tat org.openqa.selenium.remote.HttpCommandExecutor.execute(HttpCommandExecutor.java:158)\n\tat org.openqa.selenium.remote.service.DriverCommandExecutor.execute(DriverCommandExecutor.java:83)\n\tat org.openqa.selenium.remote.RemoteWebDriver.execute(RemoteWebDriver.java:552)\n\tat org.openqa.selenium.remote.RemoteWebElement.execute(RemoteWebElement.java:285)\n\tat org.openqa.selenium.remote.RemoteWebElement.sendKeys(RemoteWebElement.java:106)\n\tat Pages.RegisterPage.inputEmail(RegisterPage.java:40)\n\tat CreditCardPageTest.guestRegisterTest(CreditCardPageTest.java:23)\n\tat java.base/jdk.internal.reflect.NativeMethodAccessorImpl.invoke0(Native Method)\n\tat java.base/jdk.internal.reflect.NativeMethodAccessorImpl.invoke(NativeMethodAccessorImpl.java:62)\n\tat java.base/jdk.internal.reflect.DelegatingMethodAccessorImpl.invoke(DelegatingMethodAccessorImpl.java:43)\n\tat java.base/java.lang.reflect.Method.invoke(Method.java:566)\n\tat org.testng.internal.MethodInvocationHelper.invokeMethod(MethodInvocationHelper.java:132)\n\tat org.testng.internal.TestInvoker.invokeMethod(TestInvoker.java:599)\n\tat org.testng.internal.TestInvoker.invokeTestMethod(TestInvoker.java:174)\n\tat org.testng.internal.MethodRunner.runInSequence(MethodRunner.java:46)\n\tat org.testng.internal.TestInvoker$MethodInvocationAgent.invoke(TestInvoker.java:822)\n\tat org.testng.internal.TestInvoker.invokeTestMethods(TestInvoker.java:147)\n\tat org.testng.internal.TestMethodWorker.invokeTestMethods(TestMethodWorker.java:146)\n\tat org.testng.internal.TestMethodWorker.run(TestMethodWorker.java:128)\n\tat java.base/java.util.ArrayList.forEach(ArrayList.java:1541)\n\tat org.testng.TestRunner.privateRun(TestRunner.java:764)\n\tat org.testng.TestRunner.run(TestRunner.java:585)\n\tat org.testng.SuiteRunner.runTest(SuiteRunner.java:384)\n\tat org.testng.SuiteRunner.runSequentially(SuiteRunner.java:378)\n\tat org.testng.SuiteRunner.privateRun(SuiteRunner.java:337)\n\tat org.testng.SuiteRunner.run(SuiteRunner.java:286)\n\tat org.testng.SuiteRunnerWorker.runSuite(SuiteRunnerWorker.java:53)\n\tat org.testng.SuiteRunnerWorker.run(SuiteRunnerWorker.java:96)\n\tat org.testng.TestNG.runSuitesSequentially(TestNG.java:1218)\n\tat org.testng.TestNG.runSuitesLocally(TestNG.java:1140)\n\tat org.testng.TestNG.runSuites(TestNG.java:1069)\n\tat org.testng.TestNG.run(TestNG.java:1037)\n\tat com.intellij.rt.testng.IDEARemoteTestNG.run(IDEARemoteTestNG.java:66)\n\tat com.intellij.rt.testng.RemoteTestNGStarter.main(RemoteTestNGStarter.java:109)\n"},"stage":"finished","steps":[],"attachments":[],"parameters":[{"name":"email","value":"konstantin.averkiev@gmail.com"}],"start":1642869972389,"stop":1642869973320}],"attachments":[],"parameters":[],"start":1642869971346,"stop":1642869973338,"uuid":"de34faeb-de31-41ba-a93a-c8860bb244f5","historyId":"1189d2c6add68eec752f5470ad090dd9","fullName":"CreditCardPageTest.guestRegisterTest","labels":[{"name":"package","value":"CreditCardPageTest"},{"name":"testClass","value":"CreditCardPageTest"},{"name":"testMethod","value":"guestRegisterTest"},{"name":"parentSuite","value":"Default Suite"},{"name":"suite","value":"Check24"},{"name":"subSuite","value":"CreditCardPageTest"},{"name":"host","value":"MacBook-Air-Konstantin.local"},{"name":"thread","value":"60574@MacBook-Air-Konstantin.local.main(1)"},{"name":"framework","value":"testng"},{"name":"language","value":"java"}],"links":[]}