{"name":"guestRegisterTest","status":"failed","statusDetails":{"known":false,"muted":false,"flaky":false,"message":"expected:<0> but was:<1>","trace":"java.lang.AssertionError: expected:<0> but was:<1>\n\tat org.junit.Assert.fail(Assert.java:88)\n\tat org.junit.Assert.failNotEquals(Assert.java:834)\n\tat org.junit.Assert.assertEquals(Assert.java:645)\n\tat org.junit.Assert.assertEquals(Assert.java:631)\n\tat Pages.RegisterPage.verifyErrorMessageNotDisplayed(RegisterPage.java:73)\n\tat CreditCardPageTest.guestRegisterTest(CreditCardPageTest.java:32)\n\tat java.base/jdk.internal.reflect.NativeMethodAccessorImpl.invoke0(Native Method)\n\tat java.base/jdk.internal.reflect.NativeMethodAccessorImpl.invoke(NativeMethodAccessorImpl.java:62)\n\tat java.base/jdk.internal.reflect.DelegatingMethodAccessorImpl.invoke(DelegatingMethodAccessorImpl.java:43)\n\tat java.base/java.lang.reflect.Method.invoke(Method.java:566)\n\tat org.testng.internal.MethodInvocationHelper.invokeMethod(MethodInvocationHelper.java:132)\n\tat org.testng.internal.TestInvoker.invokeMethod(TestInvoker.java:599)\n\tat org.testng.internal.TestInvoker.invokeTestMethod(TestInvoker.java:174)\n\tat org.testng.internal.MethodRunner.runInSequence(MethodRunner.java:46)\n\tat org.testng.internal.TestInvoker$MethodInvocationAgent.invoke(TestInvoker.java:822)\n\tat org.testng.internal.TestInvoker.invokeTestMethods(TestInvoker.java:147)\n\tat org.testng.internal.TestMethodWorker.invokeTestMethods(TestMethodWorker.java:146)\n\tat org.testng.internal.TestMethodWorker.run(TestMethodWorker.java:128)\n\tat java.base/java.util.ArrayList.forEach(ArrayList.java:1541)\n\tat org.testng.TestRunner.privateRun(TestRunner.java:764)\n\tat org.testng.TestRunner.run(TestRunner.java:585)\n\tat org.testng.SuiteRunner.runTest(SuiteRunner.java:384)\n\tat org.testng.SuiteRunner.runSequentially(SuiteRunner.java:378)\n\tat org.testng.SuiteRunner.privateRun(SuiteRunner.java:337)\n\tat org.testng.SuiteRunner.run(SuiteRunner.java:286)\n\tat org.testng.SuiteRunnerWorker.runSuite(SuiteRunnerWorker.java:53)\n\tat org.testng.SuiteRunnerWorker.run(SuiteRunnerWorker.java:96)\n\tat org.testng.TestNG.runSuitesSequentially(TestNG.java:1218)\n\tat org.testng.TestNG.runSuitesLocally(TestNG.java:1140)\n\tat org.testng.TestNG.runSuites(TestNG.java:1069)\n\tat org.testng.TestNG.run(TestNG.java:1037)\n\tat com.intellij.rt.testng.IDEARemoteTestNG.run(IDEARemoteTestNG.java:66)\n\tat com.intellij.rt.testng.RemoteTestNGStarter.main(RemoteTestNGStarter.java:109)\n"},"stage":"finished","steps":[{"name":"Input email","status":"passed","stage":"finished","steps":[],"attachments":[],"parameters":[{"name":"email","value":"konstantin.averkiev@gmail.com"}],"start":1642869489211,"stop":1642869489776},{"name":"Select guest mode","status":"passed","stage":"finished","steps":[],"attachments":[],"parameters":[],"start":1642869489778,"stop":1642869490287},{"name":"Verify from without user data","status":"passed","stage":"finished","steps":[],"attachments":[],"parameters":[],"start":1642869495294,"stop":1642869495666},{"name":"Input user personal info","status":"passed","stage":"finished","steps":[{"name":"Select gender","status":"passed","stage":"finished","steps":[],"attachments":[],"parameters":[{"name":"gender","value":"Frau"}],"start":1642869495667,"stop":1642869495937},{"name":"Input first name","status":"passed","stage":"finished","steps":[],"attachments":[],"parameters":[{"name":"firstName","value":"Kosntant"}],"start":1642869495938,"stop":1642869496071},{"name":"Input last name","status":"passed","stage":"finished","steps":[],"attachments":[],"parameters":[{"name":"lastName","value":"Averkiev"}],"start":1642869496073,"stop":1642869496138},{"name":"Input date of birth","status":"passed","stage":"finished","steps":[],"attachments":[],"parameters":[{"name":"dateOfBirth","value":"27.04.1984"}],"start":1642869496140,"stop":1642869496229},{"name":"Input phone number","status":"passed","stage":"finished","steps":[],"attachments":[],"parameters":[{"name":"phoneNumber","value":"+375290000000"}],"start":1642869496229,"stop":1642869496299}],"attachments":[],"parameters":[{"name":"gender","value":"Frau"},{"name":"firstName","value":"Kosntant"},{"name":"lastName","value":"Averkiev"},{"name":"dateOfBirth","value":"27.04.1984"},{"name":"phoneNumber","value":"+375290000000"}],"start":1642869495667,"stop":1642869496299},{"name":"Verify from without user data","status":"failed","statusDetails":{"known":false,"muted":false,"flaky":false,"message":"expected:<0> but was:<1>","trace":"java.lang.AssertionError: expected:<0> but was:<1>\n\tat org.junit.Assert.fail(Assert.java:88)\n\tat org.junit.Assert.failNotEquals(Assert.java:834)\n\tat org.junit.Assert.assertEquals(Assert.java:645)\n\tat org.junit.Assert.assertEquals(Assert.java:631)\n\tat Pages.RegisterPage.verifyErrorMessageNotDisplayed(RegisterPage.java:73)\n\tat CreditCardPageTest.guestRegisterTest(CreditCardPageTest.java:32)\n\tat java.base/jdk.internal.reflect.NativeMethodAccessorImpl.invoke0(Native Method)\n\tat java.base/jdk.internal.reflect.NativeMethodAccessorImpl.invoke(NativeMethodAccessorImpl.java:62)\n\tat java.base/jdk.internal.reflect.DelegatingMethodAccessorImpl.invoke(DelegatingMethodAccessorImpl.java:43)\n\tat java.base/java.lang.reflect.Method.invoke(Method.java:566)\n\tat org.testng.internal.MethodInvocationHelper.invokeMethod(MethodInvocationHelper.java:132)\n\tat org.testng.internal.TestInvoker.invokeMethod(TestInvoker.java:599)\n\tat org.testng.internal.TestInvoker.invokeTestMethod(TestInvoker.java:174)\n\tat org.testng.internal.MethodRunner.runInSequence(MethodRunner.java:46)\n\tat org.testng.internal.TestInvoker$MethodInvocationAgent.invoke(TestInvoker.java:822)\n\tat org.testng.internal.TestInvoker.invokeTestMethods(TestInvoker.java:147)\n\tat org.testng.internal.TestMethodWorker.invokeTestMethods(TestMethodWorker.java:146)\n\tat org.testng.internal.TestMethodWorker.run(TestMethodWorker.java:128)\n\tat java.base/java.util.ArrayList.forEach(ArrayList.java:1541)\n\tat org.testng.TestRunner.privateRun(TestRunner.java:764)\n\tat org.testng.TestRunner.run(TestRunner.java:585)\n\tat org.testng.SuiteRunner.runTest(SuiteRunner.java:384)\n\tat org.testng.SuiteRunner.runSequentially(SuiteRunner.java:378)\n\tat org.testng.SuiteRunner.privateRun(SuiteRunner.java:337)\n\tat org.testng.SuiteRunner.run(SuiteRunner.java:286)\n\tat org.testng.SuiteRunnerWorker.runSuite(SuiteRunnerWorker.java:53)\n\tat org.testng.SuiteRunnerWorker.run(SuiteRunnerWorker.java:96)\n\tat org.testng.TestNG.runSuitesSequentially(TestNG.java:1218)\n\tat org.testng.TestNG.runSuitesLocally(TestNG.java:1140)\n\tat org.testng.TestNG.runSuites(TestNG.java:1069)\n\tat org.testng.TestNG.run(TestNG.java:1037)\n\tat com.intellij.rt.testng.IDEARemoteTestNG.run(IDEARemoteTestNG.java:66)\n\tat com.intellij.rt.testng.RemoteTestNGStarter.main(RemoteTestNGStarter.java:109)\n"},"stage":"finished","steps":[],"attachments":[],"parameters":[],"start":1642869496300,"stop":1642869496561}],"attachments":[],"parameters":[],"start":1642869477964,"stop":1642869496593,"uuid":"ef0ffb16-0a44-45e8-b72d-2819df718108","historyId":"1189d2c6add68eec752f5470ad090dd9","fullName":"CreditCardPageTest.guestRegisterTest","labels":[{"name":"package","value":"CreditCardPageTest"},{"name":"testClass","value":"CreditCardPageTest"},{"name":"testMethod","value":"guestRegisterTest"},{"name":"parentSuite","value":"Default Suite"},{"name":"suite","value":"Check24"},{"name":"subSuite","value":"CreditCardPageTest"},{"name":"host","value":"MacBook-Air-Konstantin.local"},{"name":"thread","value":"56331@MacBook-Air-Konstantin.local.main(1)"},{"name":"framework","value":"testng"},{"name":"language","value":"java"}],"links":[]}